<?xml version="1.0" encoding="UTF-8"?>
<!-- Generated by org.testng.reporters.JUnitReportReporter -->
<testsuite hostname="DESKTOP-NEQUUGG" failures="0" tests="1" name="LumaProjectAutomation.Luma_Project_Automation.Size" time="7.231" errors="0" timestamp="2024-07-09T11:00:30 IST" skipped="0">
  <testcase classname="LumaProjectAutomation.Luma_Project_Automation.Size" name="testSelectSizeM" time="7.231"/>
  <system-out/>
</testsuite> <!-- LumaProjectAutomation.Luma_Project_Automation.Size -->
