<?xml version="1.0" encoding="UTF-8"?>
<!-- Generated by org.testng.reporters.JUnitReportReporter -->
<testsuite hostname="DESKTOP-NEQUUGG" failures="0" tests="1" name="LumaProjectAutomation.SignOut" time="52.934" errors="0" timestamp="2024-07-09T12:34:25 IST" skipped="0">
  <testcase classname="LumaProjectAutomation.SignOut" name="testSignOut" time="52.934"/>
  <system-out/>
</testsuite> <!-- LumaProjectAutomation.SignOut -->
