<?xml version="1.0" encoding="UTF-8"?>
<!-- Generated by org.testng.reporters.JUnitReportReporter -->
<testsuite hostname="DESKTOP-NEQUUGG" failures="0" tests="3" name="LumaProjectAutomation.Luma_Project_Automation.Women" time="14.458" errors="0" timestamp="2024-07-09T10:28:56 IST" skipped="0">
  <testcase classname="LumaProjectAutomation.Luma_Project_Automation.Women" name="womendropdown" time="4.563"/>
  <system-out/>
  <testcase classname="LumaProjectAutomation.Luma_Project_Automation.Women" name="selectColor" time="4.824"/>
  <system-out/>
  <testcase classname="LumaProjectAutomation.Luma_Project_Automation.Women" name="selectJacket" time="5.071"/>
  <system-out/>
</testsuite> <!-- LumaProjectAutomation.Luma_Project_Automation.Women -->
