<?xml version="1.0" encoding="UTF-8"?>
<!-- Generated by org.testng.reporters.JUnitReportReporter -->
<testsuite hostname="DESKTOP-NEQUUGG" failures="0" tests="2" name="LumaProjectAutomation.Luma_Project_Automation.ExistingEmailIDTest" time="13.247" errors="0" timestamp="2024-07-09T10:21:16 IST" skipped="0">
  <testcase classname="LumaProjectAutomation.Luma_Project_Automation.ExistingEmailIDTest" name="verifyURL" time="0.038"/>
  <system-out/>
  <testcase classname="LumaProjectAutomation.Luma_Project_Automation.ExistingEmailIDTest" name="createAccountPageTest" time="13.209"/>
  <system-out/>
</testsuite> <!-- LumaProjectAutomation.Luma_Project_Automation.ExistingEmailIDTest -->
