<?xml version="1.0" encoding="UTF-8"?>
<!-- Generated by org.testng.reporters.JUnitReportReporter -->
<testsuite hostname="DESKTOP-NEQUUGG" failures="0" tests="1" name="LumaProjectAutomation.Luma_Project_Automation.SignOutTest" time="32.399" errors="0" timestamp="2024-07-07T16:36:42 IST" skipped="0">
  <testcase classname="LumaProjectAutomation.Luma_Project_Automation.SignOutTest" name="testSignOut" time="32.399"/>
  <system-out/>
</testsuite> <!-- LumaProjectAutomation.Luma_Project_Automation.SignOutTest -->
