<?xml version="1.0" encoding="UTF-8"?>
<!-- Generated by org.testng.reporters.JUnitReportReporter -->
<testsuite hostname="DESKTOP-NEQUUGG" failures="0" tests="2" name="LumaProjectAutomation.ForwardPassword" time="5.822" errors="0" timestamp="2024-07-09T12:09:31 IST" skipped="0">
  <testcase classname="LumaProjectAutomation.ForwardPassword" name="forgotpassword" time="1.674"/>
  <system-out/>
  <testcase classname="LumaProjectAutomation.ForwardPassword" name="entermailid" time="4.148"/>
  <system-out/>
</testsuite> <!-- LumaProjectAutomation.ForwardPassword -->
