<?xml version="1.0" encoding="UTF-8"?>
<!-- Generated by org.testng.reporters.JUnitReportReporter -->
<testsuite hostname="DESKTOP-NEQUUGG" failures="0" tests="1" name="LumaProjectAutomation.ListIcon" time="25.739" errors="0" timestamp="2024-07-09T12:45:46 IST" skipped="0">
  <testcase classname="LumaProjectAutomation.ListIcon" name="testSelectListIcon" time="25.739"/>
  <system-out/>
</testsuite> <!-- LumaProjectAutomation.ListIcon -->
