<?xml version="1.0" encoding="UTF-8"?>
<!-- Generated by org.testng.reporters.JUnitReportReporter -->
<testsuite hostname="DESKTOP-NEQUUGG" failures="0" tests="3" name="LumaProjectAutomation.Women" time="21.720" errors="0" timestamp="2024-07-09T12:29:52 IST" skipped="0">
  <testcase classname="LumaProjectAutomation.Women" name="womendropdown" time="7.612"/>
  <system-out/>
  <testcase classname="LumaProjectAutomation.Women" name="selectColor" time="6.285"/>
  <system-out/>
  <testcase classname="LumaProjectAutomation.Women" name="selectJacket" time="7.823"/>
  <system-out/>
</testsuite> <!-- LumaProjectAutomation.Women -->
