<?xml version="1.0" encoding="UTF-8"?>
<!-- Generated by org.testng.reporters.JUnitReportReporter -->
<testsuite hostname="DESKTOP-NEQUUGG" failures="0" tests="1" name="LumaProjectAutomation.Color" time="26.436" errors="0" timestamp="2024-07-09T12:40:21 IST" skipped="0">
  <testcase classname="LumaProjectAutomation.Color" name="testSelectSizeM" time="26.436"/>
  <system-out/>
</testsuite> <!-- LumaProjectAutomation.Color -->
