<?xml version="1.0" encoding="UTF-8"?>
<!-- Generated by org.testng.reporters.JUnitReportReporter -->
<testsuite hostname="DESKTOP-NEQUUGG" failures="0" tests="1" name="LumaProjectAutomation.TrainingMenu" time="30.120" errors="0" timestamp="2024-07-09T12:25:47 IST" skipped="0">
  <testcase classname="LumaProjectAutomation.TrainingMenu" name="testVideoDownloadOption" time="30.120"/>
  <system-out/>
</testsuite> <!-- LumaProjectAutomation.TrainingMenu -->
