<?xml version="1.0" encoding="UTF-8"?>
<!-- Generated by org.testng.reporters.JUnitReportReporter -->
<testsuite hostname="DESKTOP-NEQUUGG" failures="0" tests="2" name="LumaProjectAutomation.ExistingEmailId" time="22.152" errors="0" timestamp="2024-07-09T12:07:41 IST" skipped="0">
  <testcase classname="LumaProjectAutomation.ExistingEmailId" name="verifyURL" time="0.145"/>
  <system-out/>
  <testcase classname="LumaProjectAutomation.ExistingEmailId" name="createAccountPageTest" time="22.007"/>
  <system-out/>
</testsuite> <!-- LumaProjectAutomation.ExistingEmailId -->
