<?xml version="1.0" encoding="UTF-8"?>
<!-- Generated by org.testng.reporters.JUnitReportReporter -->
<testsuite hostname="DESKTOP-NEQUUGG" failures="0" tests="2" name="LumaProjectAutomation.Luma_Project_Automation.Forgotpassword" time="6.521" errors="0" timestamp="2024-07-07T17:09:07 IST" skipped="0">
  <testcase classname="LumaProjectAutomation.Luma_Project_Automation.Forgotpassword" name="forgotpassword" time="1.471"/>
  <system-out/>
  <testcase classname="LumaProjectAutomation.Luma_Project_Automation.Forgotpassword" name="entermailid" time="5.050"/>
  <system-out/>
</testsuite> <!-- LumaProjectAutomation.Luma_Project_Automation.Forgotpassword -->
