<?xml version="1.0" encoding="UTF-8"?>
<!-- Generated by org.testng.reporters.JUnitReportReporter -->
<testsuite hostname="DESKTOP-NEQUUGG" failures="0" tests="1" name="LumaProjectAutomation.Size" time="62.417" errors="0" timestamp="2024-07-09T12:38:07 IST" skipped="0">
  <testcase classname="LumaProjectAutomation.Size" name="testSelectSizeM" time="62.417"/>
  <system-out/>
</testsuite> <!-- LumaProjectAutomation.Size -->
