<?xml version="1.0" encoding="UTF-8"?>
<!-- Generated by org.testng.reporters.JUnitReportReporter -->
<testsuite hostname="DESKTOP-NEQUUGG" failures="0" tests="1" name="LumaProjectAutomation.IncorrectEmailPw" time="2.998" errors="0" timestamp="2024-07-09T12:14:35 IST" skipped="0">
  <testcase classname="LumaProjectAutomation.IncorrectEmailPw" name="testlogin" time="2.998"/>
  <system-out/>
</testsuite> <!-- LumaProjectAutomation.IncorrectEmailPw -->
