<?xml version="1.0" encoding="UTF-8"?>
<!-- Generated by org.testng.reporters.JUnitReportReporter -->
<testsuite hostname="DESKTOP-NEQUUGG" failures="0" tests="1" name="LumaProjectAutomation.Luma_Project_Automation.SearchBar" time="13.212" errors="0" timestamp="2024-07-09T10:58:05 IST" skipped="0">
  <testcase classname="LumaProjectAutomation.Luma_Project_Automation.SearchBar" name="testSearchFunctionality" time="13.212"/>
  <system-out/>
</testsuite> <!-- LumaProjectAutomation.Luma_Project_Automation.SearchBar -->
