<?xml version="1.0" encoding="UTF-8"?>
<!-- Generated by org.testng.reporters.JUnitReportReporter -->
<testsuite hostname="DESKTOP-NEQUUGG" failures="0" tests="1" name="LumaProjectAutomation.SearchBar" time="34.420" errors="0" timestamp="2024-07-09T12:18:32 IST" skipped="0">
  <testcase classname="LumaProjectAutomation.SearchBar" name="testSearchFunctionality" time="34.420"/>
  <system-out/>
</testsuite> <!-- LumaProjectAutomation.SearchBar -->
